┌─── MixesInClassMethods ────
│ self:  T::Props
│
│ other.extend(mod)
│ T::Props::Plugin.extend(T::Props::ClassMethods)
└────────────────────────────
┌─── MixesInClassMethods ────
│ self:  T::Props::Plugin
│
│ other.extend(mod)
│ T::Props::Optional.extend(T::Props::Plugin::ClassMethods)
└────────────────────────────
┌─── MixesInClassMethods ────
│ self:  T::Props::Plugin
│
│ other.extend(mod)
│ T::Props::PrettyPrintable.extend(T::Props::Plugin::ClassMethods)
└────────────────────────────
┌─── MixesInClassMethods ────
│ self:  T::Props::Plugin
│
│ other.extend(mod)
│ T::Props::Serializable.extend(T::Props::Plugin::ClassMethods)
└────────────────────────────
┌─── MixesInClassMethods ────
│ self:  T::Props::Plugin
│
│ other.extend(mod)
│ T::Props::TypeValidation.extend(T::Props::Plugin::ClassMethods)
└────────────────────────────
┌─── MixesInClassMethods ────
│ self:  T::Props
│
│ other.extend(mod)
│ T::InexactStruct.extend(T::Props::ClassMethods)
└────────────────────────────
┌─── self.extend(other) ─────
│ GrandParent.extend(T::Helpers)
│
│ include-true.rb:6:in `<module:GrandParent>'
│ include-true.rb:5:in `<main>'
└────────────────────────────
┌─── MixesInClassMethods ────
│ self:  T::Props::Plugin
│
│ other.extend(mod)
│ Parent.extend(T::Props::Plugin::ClassMethods)
└────────────────────────────
┌─── self.extend(other) ─────
│ Parent.extend(T::Props::Plugin::ClassMethods)
│
│ /Users/jez/stripe/sorbet/gems/sorbet-runtime/lib/types/private/mixins/mixins.rb:16:in `included'
│ include-true.rb:12:in `include'
│ include-true.rb:12:in `<module:Parent>'
│ include-true.rb:11:in `<main>'
└────────────────────────────
┌─── self.extend(other) ─────
│ Parent.extend(T::Props::ClassMethods)
│
│ /Users/jez/stripe/sorbet/gems/sorbet-runtime/lib/types/props/decorator.rb:770:in `model_inherited'
│ /Users/jez/stripe/sorbet/gems/sorbet-runtime/lib/types/props/_props.rb:145:in `included'
│ /Users/jez/stripe/sorbet/gems/sorbet-runtime/lib/types/private/mixins/mixins.rb:17:in `included'
│ include-true.rb:12:in `include'
│ include-true.rb:12:in `<module:Parent>'
│ include-true.rb:11:in `<main>'
└────────────────────────────
┌─── MixesInClassMethods ────
│ self:  GrandParent
│
│ other.extend(mod)
│ Parent.extend(GrandParent::ClassMethods)
└────────────────────────────
┌─── self.extend(other) ─────
│ Parent.extend(GrandParent::ClassMethods)
│
│ /Users/jez/stripe/sorbet/gems/sorbet-runtime/lib/types/private/mixins/mixins.rb:16:in `included'
│ include-true.rb:13:in `include'
│ include-true.rb:13:in `<module:Parent>'
│ include-true.rb:11:in `<main>'
└────────────────────────────
┌─── self.extend(other) ─────
│ Child.extend(T::Props::ClassMethods)
│
│ /Users/jez/stripe/sorbet/gems/sorbet-runtime/lib/types/props/decorator.rb:770:in `model_inherited'
│ /Users/jez/stripe/sorbet/gems/sorbet-runtime/lib/types/props/_props.rb:145:in `included'
│ include-true.rb:17:in `include'
│ include-true.rb:17:in `<class:Child>'
│ include-true.rb:16:in `<main>'
└────────────────────────────
┌─── self.extend(other) ─────
│ Child.extend(GrandParent::ClassMethods)
│
│ /Users/jez/stripe/sorbet/gems/sorbet-runtime/lib/types/props/decorator.rb:829:in `apply_class_methods'
│ /Users/jez/stripe/sorbet/gems/sorbet-runtime/lib/types/props/decorator.rb:818:in `plugin'
│ /Users/jez/stripe/sorbet/gems/sorbet-runtime/lib/types/props/_props.rb:127:in `plugin'
│ /Users/jez/stripe/sorbet/gems/sorbet-runtime/lib/types/props/plugin.rb:11:in `included'
│ /Users/jez/stripe/sorbet/gems/sorbet-runtime/lib/types/props/_props.rb:146:in `included'
│ include-true.rb:17:in `include'
│ include-true.rb:17:in `<class:Child>'
│ include-true.rb:16:in `<main>'
└────────────────────────────
true
true
